<?xml version="1.0" encoding="UTF-8"?>
<testsuite xmlns:xsi="http://www.w3.org/2001/XMLSchema-instance" xsi:noNamespaceSchemaLocation="https://maven.apache.org/surefire/maven-surefire-plugin/xsd/surefire-test-report.xsd" version="3.0.2" name="com.azuredemo.controller.MessageControllerWebMvcTest" time="0.733" tests="1" errors="0" skipped="0" failures="0">
  <properties>
[...]
</properties>
  <testcase name="getMessage_returnsOkAndBody" classname="com.azuredemo.controller.MessageControllerWebMvcTest" time="0.2">
    <system-out><![CDATA[2026-07-21T15:21:01.015+05:30  INFO 6464 --- [Azure-Demo] [           main] t.c.s.AnnotationConfigContextLoaderUtils : Could not detect default configuration classes for test class [com.azuredemo.controller.MessageControllerWebMvcTest]: MessageControllerWebMvcTest does not declare any static, non-private, non-final, nested classes annotated with @Configuration.
2026-07-21T15:21:01.082+05:30  INFO 6464 --- [Azure-Demo] [           main] .b.t.c.SpringBootTestContextBootstrapper : Found @SpringBootConfiguration com.azuredemo.AzureDemoApplication for test class com.azuredemo.controller.MessageControllerWebMvcTest

  .   ____          _            __ _ _
 /\\ / ___'_ __ _ _(_)_ __  __ _ \ \ \ \
( ( )\___ | '_ | '_| | '_ \/ _` | \ \ \ \
 \\/  ___)| |_)| | | | | || (_| |  ) ) ) )
  '  |____| .__|_| |_|_| |_\__, | / / / /
 =========|_|==============|___/=/_/_/_/

 :: Spring Boot ::                (v4.0.3)

2026-07-21T15:21:01.144+05:30  INFO 6464 --- [Azure-Demo] [           main] c.a.c.MessageControllerWebMvcTest        : Starting MessageControllerWebMvcTest using Java 21.0.9 with PID 6464 (started by AdityaBhalchandraJos in C:\Users\AdityaBhalchandraJos\Documents\workspace\Azure-Deployement)
2026-07-21T15:21:01.144+05:30  INFO 6464 --- [Azure-Demo] [           main] c.a.c.MessageControllerWebMvcTest        : No active profile set, falling back to 1 default profile: "default"
2026-07-21T15:21:01.482+05:30  INFO 6464 --- [Azure-Demo] [           main] o.s.b.t.m.w.SpringBootMockServletContext : Initializing Spring TestDispatcherServlet ''
2026-07-21T15:21:01.483+05:30  INFO 6464 --- [Azure-Demo] [           main] o.s.t.web.servlet.TestDispatcherServlet  : Initializing Servlet ''
2026-07-21T15:21:01.491+05:30  INFO 6464 --- [Azure-Demo] [           main] o.s.t.web.servlet.TestDispatcherServlet  : Completed initialization in 3 ms
2026-07-21T15:21:01.521+05:30  INFO 6464 --- [Azure-Demo] [           main] c.a.c.MessageControllerWebMvcTest        : Started MessageControllerWebMvcTest in 0.427 seconds (process running for 9.872)
]]></system-out>
  </testcase>
</testsuite>